MoreSexApp/proguard/seeds.txt
com.sciecne.moresexapp.R$anim: int man_run
com.sciecne.moresexapp.R$anim: int more_praise_collect_img_rotate
com.sciecne.moresexapp.R$anim: int more_praise_collect_img_rotate2
com.sciecne.moresexapp.R$attr: int a_in
com.sciecne.moresexapp.R$attr: int a_out
com.sciecne.moresexapp.R$attr: int behindOffset
com.sciecne.moresexapp.R$attr: int behindScrollScale
com.sciecne.moresexapp.R$attr: int behindWidth
com.sciecne.moresexapp.R$attr: int border_color
com.sciecne.moresexapp.R$attr: int border_width
com.sciecne.moresexapp.R$attr: int fadeDegree
com.sciecne.moresexapp.R$attr: int fadeEnabled
com.sciecne.moresexapp.R$attr: int loadingText
com.sciecne.moresexapp.R$attr: int mode
com.sciecne.moresexapp.R$attr: int selectorDrawable
com.sciecne.moresexapp.R$attr: int selectorEnabled
com.sciecne.moresexapp.R$attr: int shadowDrawable
com.sciecne.moresexapp.R$attr: int shadowWidth
com.sciecne.moresexapp.R$attr: int touchModeAbove
com.sciecne.moresexapp.R$attr: int touchModeBehind
com.sciecne.moresexapp.R$attr: int viewAbove
com.sciecne.moresexapp.R$attr: int viewBehind
com.sciecne.moresexapp.R$attr: int x_in
com.sciecne.moresexapp.R$attr: int x_out
com.sciecne.moresexapp.R$attr: int y_in
com.sciecne.moresexapp.R$attr: int y_out
com.sciecne.moresexapp.R$color: int circle
com.sciecne.moresexapp.R$color: int gray
com.sciecne.moresexapp.R$color: int green
com.sciecne.moresexapp.R$color: int rect
com.sciecne.moresexapp.R$color: int shadow
com.sciecne.moresexapp.R$color: int triangle
com.sciecne.moresexapp.R$color: int view_bg
com.sciecne.moresexapp.R$dimen: int activity_horizontal_margin
com.sciecne.moresexapp.R$dimen: int activity_vertical_margin
com.sciecne.moresexapp.R$dimen: int size_default_height
com.sciecne.moresexapp.R$drawable: int acount
com.sciecne.moresexapp.R$drawable: int alter
com.sciecne.moresexapp.R$drawable: int article_img
com.sciecne.moresexapp.R$drawable: int birth
com.sciecne.moresexapp.R$drawable: int button_alter_click
com.sciecne.moresexapp.R$drawable: int button_alter_style
com.sciecne.moresexapp.R$drawable: int button_alter_style_pressed
com.sciecne.moresexapp.R$drawable: int button_click
com.sciecne.moresexapp.R$drawable: int button_style
com.sciecne.moresexapp.R$drawable: int button_style_pressed
com.sciecne.moresexapp.R$drawable: int click
com.sciecne.moresexapp.R$drawable: int collect
com.sciecne.moresexapp.R$drawable: int collect_bg_style
com.sciecne.moresexapp.R$drawable: int collect_selected
com.sciecne.moresexapp.R$drawable: int content_bg_style
com.sciecne.moresexapp.R$drawable: int content_top_style
com.sciecne.moresexapp.R$drawable: int default_user_img
com.sciecne.moresexapp.R$drawable: int divider2_style
com.sciecne.moresexapp.R$drawable: int divider_bottom_style
com.sciecne.moresexapp.R$drawable: int divider_style
com.sciecne.moresexapp.R$drawable: int drawer_bg
com.sciecne.moresexapp.R$drawable: int email
com.sciecne.moresexapp.R$drawable: int feedback
com.sciecne.moresexapp.R$drawable: int feedback_edit_bg
com.sciecne.moresexapp.R$drawable: int feedback_edit_focused
com.sciecne.moresexapp.R$drawable: int feedback_edit_normal
com.sciecne.moresexapp.R$drawable: int green_leaf
...
com.android.volley.VolleyLog$MarkerLog$Marker
com.android.volley.VolleyLog$MarkerLog$Marker: java.lang.String name
com.android.volley.VolleyLog$MarkerLog$Marker: long thread
com.android.volley.VolleyLog$MarkerLog$Marker: long time
com.android.volley.VolleyLog$MarkerLog$Marker: VolleyLog$MarkerLog$Marker(java.lang.String,long,long)
com.android.volley.toolbox.AndroidAuthenticator
com.android.volley.toolbox.AndroidAuthenticator: android.accounts.AccountManager mAccountManager
com.android.volley.toolbox.AndroidAuthenticator: android.accounts.Account mAccount
com.android.volley.toolbox.AndroidAuthenticator: java.lang.String mAuthTokenType
com.android.volley.toolbox.AndroidAuthenticator: boolean mNotifyAuthFailure
com.android.volley.toolbox.AndroidAuthenticator: AndroidAuthenticator(android.content.Context,android.accounts.Account,java.lang.String)
com.android.volley.toolbox.AndroidAuthenticator: AndroidAuthenticator(android.content.Context,android.accounts.Account,java.lang.String,boolean)
com.android.volley.toolbox.AndroidAuthenticator: AndroidAuthenticator(android.accounts.AccountManager,android.accounts.Account,java.lang.String,boolean)
com.android.volley.toolbox.AndroidAuthenticator: android.accounts.Account getAccount()
com.android.volley.toolbox.AndroidAuthenticator: java.lang.String getAuthToken()
com.android.volley.toolbox.AndroidAuthenticator: void invalidateAuthToken(java.lang.String)
com.android.volley.toolbox.Authenticator
com.android.volley.toolbox.Authenticator: java.lang.String getAuthToken()
com.android.volley.toolbox.Authenticator: void invalidateAuthToken(java.lang.String)
com.android.volley.toolbox.BasicNetwork
com.android.volley.toolbox.BasicNetwork: boolean DEBUG
com.android.volley.toolbox.BasicNetwork: int SLOW_REQUEST_THRESHOLD_MS
com.android.volley.toolbox.BasicNetwork: int DEFAULT_POOL_SIZE
com.android.volley.toolbox.BasicNetwork: com.android.volley.toolbox.HttpStack mHttpStack
com.android.volley.toolbox.BasicNetwork: com.android.volley.toolbox.ByteArrayPool mPool
com.android.volley.toolbox.BasicNetwork: void <clinit>()
com.android.volley.toolbox.BasicNetwork: BasicNetwork(com.android.volley.toolbox.HttpStack)
com.android.volley.toolbox.BasicNetwork: BasicNetwork(com.android.volley.toolbox.HttpStack,com.android.volley.toolbox.ByteArrayPool)
com.android.volley.toolbox.BasicNetwork: com.android.volley.NetworkResponse performRequest(com.android.volley.Request)
com.android.volley.toolbox.BasicNetwork: void logSlowRequests(long,com.android.volley.Request,byte[],org.apache.http.StatusLine)
com.android.volley.toolbox.BasicNetwork: void attemptRetryOnException(java.lang.String,com.android.volley.Request,com.android.volley.VolleyError)
com.android.volley.toolbox.BasicNetwork: void addCacheHeaders(java.util.Map,com.android.volley.Cache$Entry)
com.android.volley.toolbox.BasicNetwork: void logError(java.lang.String,java.lang.String,long)
com.android.volley.toolbox.BasicNetwork: byte[] entityToBytes(org.apache.http.HttpEntity)
com.android.volley.toolbox.BasicNetwork: java.util.Map convertHeaders(org.apache.http.Header[])
com.android.volley.toolbox.ByteArrayPool
com.android.volley.toolbox.ByteArrayPool: java.util.List mBuffersByLastUse
com.android.volley.toolbox.ByteArrayPool: java.util.List mBuffersBySize
com.android.volley.toolbox.ByteArrayPool: int mCurrentSize
com.android.volley.toolbox.ByteArrayPool: int mSizeLimit
com.android.volley.toolbox.ByteArrayPool: java.util.Comparator BUF_COMPARATOR
com.android.volley.toolbox.ByteArrayPool: void <clinit>()
com.android.volley.toolbox.ByteArrayPool: ByteArrayPool(int)
com.android.volley.toolbox.ByteArrayPool: byte[] getBuf(int)
com.android.volley.toolbox.ByteArrayPool: void returnBuf(byte[])
com.android.volley.toolbox.ByteArrayPool: void trim()