MoreSexApp/proguard/mapping.txt
android.support.v7.internal.widget.AdapterViewICS$OnItemLongClickListener -> android.support.v7.internal.widget.AdapterViewICS$OnItemLongClickListener:
    boolean onItemLongClick(android.support.v7.internal.widget.AdapterViewICS,android.view.View,int,long) -> onItemLongClick
android.support.v7.internal.widget.AdapterViewICS$OnItemSelectedListener -> android.support.v7.internal.widget.AdapterViewICS$OnItemSelectedListener:
    void onItemSelected(android.support.v7.internal.widget.AdapterViewICS,android.view.View,int,long) -> onItemSelected
    void onNothingSelected(android.support.v7.internal.widget.AdapterViewICS) -> onNothingSelected
android.support.v7.internal.widget.AdapterViewICS$SelectionNotifier -> android.support.v7.internal.widget.AdapterViewICS$SelectionNotifier:
    android.support.v7.internal.widget.AdapterViewICS this$0 -> this$0
    void run() -> run
android.support.v7.internal.widget.CompatTextView -> android.support.v7.internal.widget.CompatTextView:
android.support.v7.internal.widget.CompatTextView$AllCapsTransformationMethod -> android.support.v7.internal.widget.CompatTextView$AllCapsTransformationMethod:
    java.util.Locale mLocale -> mLocale
    java.lang.CharSequence getTransformation(java.lang.CharSequence,android.view.View) -> getTransformation
    void onFocusChanged(android.view.View,java.lang.CharSequence,boolean,int,android.graphics.Rect) -> onFocusChanged
android.support.v7.internal.widget.LinearLayoutICS -> android.support.v7.internal.widget.LinearLayoutICS:
    int SHOW_DIVIDER_NONE -> SHOW_DIVIDER_NONE
    int SHOW_DIVIDER_BEGINNING -> SHOW_DIVIDER_BEGINNING
    int SHOW_DIVIDER_MIDDLE -> SHOW_DIVIDER_MIDDLE
    int SHOW_DIVIDER_END -> SHOW_DIVIDER_END
    android.graphics.drawable.Drawable mDivider -> mDivider
    int mDividerWidth -> mDividerWidth
    int mDividerHeight -> mDividerHeight
    int mShowDividers -> mShowDividers
    int mDividerPadding -> mDividerPadding
    int getSupportDividerWidth() -> getSupportDividerWidth
    void onDraw(android.graphics.Canvas) -> onDraw
    void measureChildWithMargins(android.view.View,int,int,int,int) -> measureChildWithMargins
    void drawSupportDividersVertical(android.graphics.Canvas) -> drawSupportDividersVertical
    void drawSupportDividersHorizontal(android.graphics.Canvas) -> drawSupportDividersHorizontal
    void drawSupportHorizontalDivider(android.graphics.Canvas,int) -> drawSupportHorizontalDivider
    void drawSupportVerticalDivider(android.graphics.Canvas,int) -> drawSupportVerticalDivider
    boolean hasSupportDividerBeforeChildAt(int) -> hasSupportDividerBeforeChildAt